<?xml version="1.0" encoding="UTF-8"?>
<!-- Generated by org.testng.reporters.JUnitXMLReporter -->
<testsuite ignored="4" hostname="INMFQAIQE" failures="0" tests="8" name="FirefoxTest" time="66.269" errors="0" timestamp="2023-05-17T09:07:26 IST">
  <testcase classname="com.makemytrip.testcases.HomePageTest" name="@BeforeMethod setup" time="26.214">
    <failure type="java.lang.NullPointerException" message="null value in entry: url=null">
      <![CDATA[java.lang.NullPointerException: null value in entry: url=null
at com.google.common.collect.CollectPreconditions.checkEntryNotNull(CollectPreconditions.java:33)
at com.google.common.collect.SingletonImmutableBiMap.<init>(SingletonImmutableBiMap.java:43)
at com.google.common.collect.ImmutableBiMap.of(ImmutableBiMap.java:81)
at com.google.common.collect.ImmutableMap.of(ImmutableMap.java:128)
at org.openqa.selenium.remote.DriverCommand.GET(DriverCommand.java:191)
at org.openqa.selenium.remote.RemoteWebDriver.get(RemoteWebDriver.java:297)
at com.makemytrip.base.BaseClass.launchBrowser(BaseClass.java:62)
at com.makemytrip.testcases.HomePageTest.setup(HomePageTest.java:18)
at java.base/java.util.ArrayList.forEach(ArrayList.java:1511)
... Removed 31 stack frames]]>
    </failure>
  </testcase> <!-- @BeforeMethod setup -->
  <testcase classname="com.makemytrip.testcases.HomePageTest" name="@AfterMethod tearDown" time="-1.684294606873E9">
    <skipped/>
  </testcase> <!-- @AfterMethod tearDown -->
  <testcase classname="com.makemytrip.testcases.HomePageTest" name="@BeforeMethod setup" time="-1.684294606873E9">
    <skipped/>
  </testcase> <!-- @BeforeMethod setup -->
  <testcase classname="com.makemytrip.testcases.HomePageTest" name="@AfterMethod tearDown" time="-1.684294606875E9">
    <skipped/>
  </testcase> <!-- @AfterMethod tearDown -->
  <testcase classname="com.makemytrip.testcases.HomePageTest" name="@BeforeMethod setup" time="-1.684294606875E9">
    <skipped/>
  </testcase> <!-- @BeforeMethod setup -->
  <testcase classname="com.makemytrip.testcases.HomePageTest" name="@AfterMethod tearDown" time="-1.684294606878E9">
    <skipped/>
  </testcase> <!-- @AfterMethod tearDown -->
  <testcase classname="com.makemytrip.testcases.SelectFlightTest" name="@BeforeMethod setup" time="10.826">
    <failure type="java.lang.NullPointerException" message="null value in entry: url=null">
      <![CDATA[java.lang.NullPointerException: null value in entry: url=null
at com.google.common.collect.CollectPreconditions.checkEntryNotNull(CollectPreconditions.java:33)
at com.google.common.collect.SingletonImmutableBiMap.<init>(SingletonImmutableBiMap.java:43)
at com.google.common.collect.ImmutableBiMap.of(ImmutableBiMap.java:81)
at com.google.common.collect.ImmutableMap.of(ImmutableMap.java:128)
at org.openqa.selenium.remote.DriverCommand.GET(DriverCommand.java:191)
at org.openqa.selenium.remote.RemoteWebDriver.get(RemoteWebDriver.java:297)
at com.makemytrip.base.BaseClass.launchBrowser(BaseClass.java:62)
at com.makemytrip.testcases.SelectFlightTest.setup(SelectFlightTest.java:26)
at java.base/java.util.ArrayList.forEach(ArrayList.java:1511)
... Removed 31 stack frames]]>
    </failure>
  </testcase> <!-- @BeforeMethod setup -->
  <testcase classname="com.makemytrip.testcases.SelectFlightTest" name="@AfterMethod tearDown" time="-1.68429461777E9">
    <skipped/>
  </testcase> <!-- @AfterMethod tearDown -->
  <testcase classname="com.makemytrip.testcases.SelectFlightTest" name="@BeforeMethod setup" time="-1.684294617771E9">
    <skipped/>
  </testcase> <!-- @BeforeMethod setup -->
  <testcase classname="com.makemytrip.testcases.SelectFlightTest" name="@AfterMethod tearDown" time="-1.684294617772E9">
    <skipped/>
  </testcase> <!-- @AfterMethod tearDown -->
  <testcase classname="com.makemytrip.testcases.SelectFlightTest" name="@BeforeMethod setup" time="-1.684294617773E9">
    <skipped/>
  </testcase> <!-- @BeforeMethod setup -->
  <testcase classname="com.makemytrip.testcases.SelectFlightTest" name="@AfterMethod tearDown" time="-1.684294617774E9">
    <skipped/>
  </testcase> <!-- @AfterMethod tearDown -->
  <testcase classname="com.makemytrip.testcases.SearchDateTest" name="@BeforeMethod setup" time="29.048">
    <failure type="java.lang.NullPointerException" message="null value in entry: url=null">
      <![CDATA[java.lang.NullPointerException: null value in entry: url=null
at com.google.common.collect.CollectPreconditions.checkEntryNotNull(CollectPreconditions.java:33)
at com.google.common.collect.SingletonImmutableBiMap.<init>(SingletonImmutableBiMap.java:43)
at com.google.common.collect.ImmutableBiMap.of(ImmutableBiMap.java:81)
at com.google.common.collect.ImmutableMap.of(ImmutableMap.java:128)
at org.openqa.selenium.remote.DriverCommand.GET(DriverCommand.java:191)
at org.openqa.selenium.remote.RemoteWebDriver.get(RemoteWebDriver.java:297)
at com.makemytrip.base.BaseClass.launchBrowser(BaseClass.java:62)
at com.makemytrip.testcases.SearchDateTest.setup(SearchDateTest.java:22)
at java.base/java.util.ArrayList.forEach(ArrayList.java:1511)
... Removed 31 stack frames]]>
    </failure>
  </testcase> <!-- @BeforeMethod setup -->
  <testcase classname="com.makemytrip.testcases.SearchDateTest" name="@AfterMethod tearDown" time="-1.684294646825E9">
    <skipped/>
  </testcase> <!-- @AfterMethod tearDown -->
  <testcase classname="com.makemytrip.testcases.SearchDateTest" name="@BeforeMethod setup" time="-1.684294646826E9">
    <skipped/>
  </testcase> <!-- @BeforeMethod setup -->
  <testcase classname="com.makemytrip.testcases.SearchDateTest" name="@AfterMethod tearDown" time="-1.684294646827E9">
    <skipped/>
  </testcase> <!-- @AfterMethod tearDown -->
  <testcase classname="com.makemytrip.testcases.HomePageTest" name="homePageTest" time="0.0">
    <skipped/>
  </testcase> <!-- homePageTest -->
  <testcase classname="com.makemytrip.testcases.HomePageTest" name="homePageTest" time="0.0">
    <skipped/>
  </testcase> <!-- homePageTest -->
  <testcase classname="com.makemytrip.testcases.HomePageTest" name="homePageTest" time="0.0">
    <skipped/>
  </testcase> <!-- homePageTest -->
  <testcase classname="com.makemytrip.testcases.SelectFlightTest" name="selectFlightTest" time="0.0">
    <skipped/>
  </testcase> <!-- selectFlightTest -->
  <testcase classname="com.makemytrip.testcases.SelectFlightTest" name="selectFlightTest" time="0.0">
    <skipped/>
  </testcase> <!-- selectFlightTest -->
  <testcase classname="com.makemytrip.testcases.SelectFlightTest" name="selectFlightTest" time="0.0">
    <skipped/>
  </testcase> <!-- selectFlightTest -->
  <testcase classname="com.makemytrip.testcases.SearchDateTest" name="searchDate" time="0.0">
    <skipped/>
  </testcase> <!-- searchDate -->
  <testcase classname="com.makemytrip.testcases.SearchDateTest" name="searchDate" time="0.0">
    <skipped/>
  </testcase> <!-- searchDate -->
  <testcase classname="com.makemytrip.base.BaseClass" name="@AfterSuite closeBrowser" time="0.0">
    <ignored/>
  </testcase> <!-- @AfterSuite closeBrowser -->
  <testcase classname="com.makemytrip.base.BaseClass" name="@AfterSuite closeBrowser" time="0.0">
    <ignored/>
  </testcase> <!-- @AfterSuite closeBrowser -->
  <testcase classname="com.makemytrip.base.BaseClass" name="@BeforeSuite getDriver" time="0.0">
    <ignored/>
  </testcase> <!-- @BeforeSuite getDriver -->
  <testcase classname="com.makemytrip.base.BaseClass" name="@BeforeSuite getDriver" time="0.0">
    <ignored/>
  </testcase> <!-- @BeforeSuite getDriver -->
</testsuite> <!-- FirefoxTest -->
